[0m09:36:12.880110 [debug] [MainThread]: Sending event: {'category': 'dbt', 'action': 'invocation', 'label': 'start', 'context': [<snowplow_tracker.self_describing_json.SelfDescribingJson object at 0x7fd16a40a6f0>, <snowplow_tracker.self_describing_json.SelfDescribingJson object at 0x7fd16a1ea5a0>, <snowplow_tracker.self_describing_json.SelfDescribingJson object at 0x7fd16a5816d0>]}


============================== 09:36:12.884655 | 58425a9a-aca6-445d-9f0e-33e7b93aec43 ==============================
[0m09:36:12.884655 [info ] [MainThread]: Running with dbt=1.9.0
[0m09:36:12.885955 [debug] [MainThread]: running dbt with arguments {'printer_width': '80', 'indirect_selection': 'eager', 'log_cache_events': 'False', 'write_json': 'True', 'partial_parse': 'True', 'cache_selected_only': 'False', 'warn_error': 'None', 'version_check': 'True', 'fail_fast': 'False', 'log_path': 'logs', 'profiles_dir': '/root/.dbt', 'debug': 'False', 'use_colors': 'True', 'use_experimental_parser': 'False', 'no_print': 'None', 'quiet': 'False', 'empty': 'None', 'warn_error_options': 'WarnErrorOptions(include=[], exclude=[])', 'introspect': 'True', 'log_format': 'default', 'invocation_command': 'dbt init dbt_project', 'target_path': 'None', 'static_parser': 'True', 'send_anonymous_usage_stats': 'True'}
[0m09:36:12.918273 [debug] [MainThread]: Starter project path: /usr/local/lib/python3.12/site-packages/dbt/include/starter_project
[0m09:36:13.051899 [info ] [MainThread]: 
Your new dbt project "dbt_project" was created!

For more information on how to configure the profiles.yml file,
please consult the dbt documentation here:

  https://docs.getdbt.com/docs/configure-your-profile

One more thing:

Need help? Don't hesitate to reach out to us via GitHub issues or on Slack:

  https://community.getdbt.com/

Happy modeling!

[0m09:36:13.052859 [info ] [MainThread]: Setting up your profile.
[0m09:39:52.968376 [info ] [MainThread]: Profile dbt_project written to /root/.dbt/profiles.yml using target's profile_template.yml and your supplied values. Run 'dbt debug' to validate the connection.
[0m09:39:52.978019 [debug] [MainThread]: Resource report: {"command_name": "init", "command_success": true, "command_wall_clock_time": 220.21776, "process_in_blocks": "1680", "process_kernel_time": 0.172103, "process_mem_max_rss": "91680", "process_out_blocks": "0", "process_user_time": 1.100661}
[0m09:39:52.979438 [debug] [MainThread]: Command `dbt init` succeeded at 09:39:52.979220 after 220.22 seconds
[0m09:39:52.980306 [debug] [MainThread]: Sending event: {'category': 'dbt', 'action': 'invocation', 'label': 'end', 'context': [<snowplow_tracker.self_describing_json.SelfDescribingJson object at 0x7fd16a114f80>, <snowplow_tracker.self_describing_json.SelfDescribingJson object at 0x7fd16a6c4530>, <snowplow_tracker.self_describing_json.SelfDescribingJson object at 0x7fd169edf890>]}
[0m09:39:52.981227 [debug] [MainThread]: Flushing usage events
[0m09:39:53.675639 [debug] [MainThread]: An error was encountered while trying to flush usage events
[0m09:49:27.950920 [debug] [MainThread]: Sending event: {'category': 'dbt', 'action': 'invocation', 'label': 'start', 'context': [<snowplow_tracker.self_describing_json.SelfDescribingJson object at 0x7512a0d00410>, <snowplow_tracker.self_describing_json.SelfDescribingJson object at 0x7512a2616690>, <snowplow_tracker.self_describing_json.SelfDescribingJson object at 0x7512a1ced1f0>]}


============================== 09:49:27.954506 | ab7fb9e3-1377-48f0-8537-2ec1d6bdb3d8 ==============================
[0m09:49:27.954506 [info ] [MainThread]: Running with dbt=1.9.0
[0m09:49:27.955453 [debug] [MainThread]: running dbt with arguments {'printer_width': '80', 'indirect_selection': 'eager', 'write_json': 'True', 'log_cache_events': 'False', 'partial_parse': 'True', 'cache_selected_only': 'False', 'profiles_dir': '/root/.dbt', 'fail_fast': 'False', 'version_check': 'True', 'log_path': 'logs', 'debug': 'False', 'warn_error': 'None', 'use_colors': 'True', 'use_experimental_parser': 'False', 'no_print': 'None', 'quiet': 'False', 'empty': 'None', 'warn_error_options': 'WarnErrorOptions(include=[], exclude=[])', 'introspect': 'True', 'invocation_command': 'dbt seed', 'static_parser': 'True', 'target_path': 'None', 'log_format': 'default', 'send_anonymous_usage_stats': 'True'}
[0m09:49:27.956574 [error] [MainThread]: Encountered an error:
Runtime Error
  No dbt_project.yml found at expected path /usr/app/dbt_project.yml
  Verify that each entry within packages.yml (and their transitive dependencies) contains a file named dbt_project.yml
  
[0m09:49:27.958070 [debug] [MainThread]: Resource report: {"command_name": "seed", "command_success": false, "command_wall_clock_time": 0.08828559, "process_in_blocks": "0", "process_kernel_time": 0.132372, "process_mem_max_rss": "85464", "process_out_blocks": "0", "process_user_time": 1.062994}
[0m09:49:27.959025 [debug] [MainThread]: Command `dbt seed` failed at 09:49:27.958878 after 0.09 seconds
[0m09:49:27.959773 [debug] [MainThread]: Sending event: {'category': 'dbt', 'action': 'invocation', 'label': 'end', 'context': [<snowplow_tracker.self_describing_json.SelfDescribingJson object at 0x7512a0bdd2e0>, <snowplow_tracker.self_describing_json.SelfDescribingJson object at 0x7512a0b0c560>, <snowplow_tracker.self_describing_json.SelfDescribingJson object at 0x7512a07a9a30>]}
[0m09:49:27.960513 [debug] [MainThread]: Flushing usage events
[0m09:49:28.622683 [debug] [MainThread]: An error was encountered while trying to flush usage events
[0m10:06:24.447626 [debug] [MainThread]: Sending event: {'category': 'dbt', 'action': 'invocation', 'label': 'start', 'context': [<snowplow_tracker.self_describing_json.SelfDescribingJson object at 0x733382c48a10>, <snowplow_tracker.self_describing_json.SelfDescribingJson object at 0x733383ac7830>, <snowplow_tracker.self_describing_json.SelfDescribingJson object at 0x733382617890>]}


============================== 10:06:24.776031 | c298f562-fb20-4dd4-8982-e623b3a1557e ==============================
[0m10:06:24.776031 [info ] [MainThread]: Running with dbt=1.9.0
[0m10:06:24.782632 [debug] [MainThread]: running dbt with arguments {'printer_width': '80', 'indirect_selection': 'eager', 'write_json': 'True', 'log_cache_events': 'False', 'partial_parse': 'True', 'cache_selected_only': 'False', 'profiles_dir': '/root/.dbt', 'debug': 'False', 'warn_error': 'None', 'log_path': 'logs', 'version_check': 'True', 'fail_fast': 'False', 'use_colors': 'True', 'use_experimental_parser': 'False', 'no_print': 'None', 'quiet': 'False', 'empty': 'False', 'log_format': 'default', 'invocation_command': 'dbt run -m models/stripe.*', 'warn_error_options': 'WarnErrorOptions(include=[], exclude=[])', 'static_parser': 'True', 'target_path': 'None', 'introspect': 'True', 'send_anonymous_usage_stats': 'True'}
[0m10:06:24.786521 [error] [MainThread]: Encountered an error:
Runtime Error
  No dbt_project.yml found at expected path /usr/app/dbt_project.yml
  Verify that each entry within packages.yml (and their transitive dependencies) contains a file named dbt_project.yml
  
[0m10:06:24.790767 [debug] [MainThread]: Resource report: {"command_name": "run", "command_success": false, "command_wall_clock_time": 0.43078765, "process_in_blocks": "1680", "process_kernel_time": 0.141678, "process_mem_max_rss": "85520", "process_out_blocks": "0", "process_user_time": 1.096999}
[0m10:06:24.791952 [debug] [MainThread]: Command `dbt run` failed at 10:06:24.791799 after 0.43 seconds
[0m10:06:24.792775 [debug] [MainThread]: Sending event: {'category': 'dbt', 'action': 'invocation', 'label': 'end', 'context': [<snowplow_tracker.self_describing_json.SelfDescribingJson object at 0x733382d43b90>, <snowplow_tracker.self_describing_json.SelfDescribingJson object at 0x733382c48a10>, <snowplow_tracker.self_describing_json.SelfDescribingJson object at 0x733382956ea0>]}
[0m10:06:24.793579 [debug] [MainThread]: Flushing usage events
[0m10:06:25.473867 [debug] [MainThread]: An error was encountered while trying to flush usage events
